2022-05-18 07:17:43 [Logs!] error: Error: listen EADDRINUSE: address already in use :::5678
    at Server.setupListenHandle [as _listen2] (net.js:1331:16)
    at listenInCluster (net.js:1379:12)
    at Server.listen (net.js:1465:7)
    at Function.listen (/Users/macbook/Desktop/test_code/Express-Starter-file/node_modules/express/lib/application.js:618:24)
    at Object.<anonymous> (/Users/macbook/Desktop/test_code/Express-Starter-file/app.js:41:5)
    at Module._compile (internal/modules/cjs/loader.js:1085:14)
    at loader (/Users/macbook/Desktop/test_code/Express-Starter-file/node_modules/babel-register/lib/node.js:144:5)
    at Object.require.extensions.<computed> [as .js] (/Users/macbook/Desktop/test_code/Express-Starter-file/node_modules/babel-register/lib/node.js:154:7)
    at Module.load (internal/modules/cjs/loader.js:950:32)
    at Function.Module._load (internal/modules/cjs/loader.js:790:12)
    at Function.executeUserEntryPoint [as runMain] (internal/modules/run_main.js:76:12)
    at Object.<anonymous> (/Users/macbook/Desktop/test_code/Express-Starter-file/node_modules/babel-cli/lib/_babel-node.js:154:22)
    at Module._compile (internal/modules/cjs/loader.js:1085:14)
    at Object.Module._extensions..js (internal/modules/cjs/loader.js:1114:10)
    at Module.load (internal/modules/cjs/loader.js:950:32)
    at Function.Module._load (internal/modules/cjs/loader.js:790:12)

2022-05-18 07:17:49 [Logs!] error: Error: listen EADDRINUSE: address already in use :::5678
    at Server.setupListenHandle [as _listen2] (net.js:1331:16)
    at listenInCluster (net.js:1379:12)
    at Server.listen (net.js:1465:7)
    at Function.listen (/Users/macbook/Desktop/test_code/Express-Starter-file/node_modules/express/lib/application.js:618:24)
    at Object.<anonymous> (/Users/macbook/Desktop/test_code/Express-Starter-file/app.js:40:5)
    at Module._compile (internal/modules/cjs/loader.js:1085:14)
    at loader (/Users/macbook/Desktop/test_code/Express-Starter-file/node_modules/babel-register/lib/node.js:144:5)
    at Object.require.extensions.<computed> [as .js] (/Users/macbook/Desktop/test_code/Express-Starter-file/node_modules/babel-register/lib/node.js:154:7)
    at Module.load (internal/modules/cjs/loader.js:950:32)
    at Function.Module._load (internal/modules/cjs/loader.js:790:12)
    at Function.executeUserEntryPoint [as runMain] (internal/modules/run_main.js:76:12)
    at Object.<anonymous> (/Users/macbook/Desktop/test_code/Express-Starter-file/node_modules/babel-cli/lib/_babel-node.js:154:22)
    at Module._compile (internal/modules/cjs/loader.js:1085:14)
    at Object.Module._extensions..js (internal/modules/cjs/loader.js:1114:10)
    at Module.load (internal/modules/cjs/loader.js:950:32)
    at Function.Module._load (internal/modules/cjs/loader.js:790:12)

